<?xml version="1.0" encoding="UTF-8"?>
<!-- Generated by org.testng.reporters.JUnitXMLReporter -->
<testsuite ignored="0" hostname="DESKTOP-27O0IVK" failures="1" tests="1" name="testexecution" time="13.235" errors="0" timestamp="2026-06-20T13:01:31 IST">
  <testcase classname="testexecution.loginclass" name="verifyLogin" time="0.073">
    <failure type="java.lang.AssertionError" message="expected [Automation Exercise] but found [Automation Exercise - Signup / Login]">
      <![CDATA[java.lang.AssertionError: expected [Automation Exercise] but found [Automation Exercise - Signup / Login]
at POMpage.loginpage.pagetitle(loginpage.java:28)
at testexecution.loginclass.verifyLogin(loginclass.java:17)
at java.base/java.util.ArrayList.forEach(ArrayList.java:1596)
... Removed 31 stack frames]]>
    </failure>
  </testcase> <!-- verifyLogin -->
</testsuite> <!-- testexecution -->
