<?xml version="1.0" encoding="UTF-8"?>
<testng-results ignored="0" total="1" passed="1" failed="0" skipped="0">
  <reporter-output>
  </reporter-output>
  <suite started-at="2026-09-15T14:34:08 IST" name="Default suite" finished-at="2026-09-15T14:34:17 IST" duration-ms="9178">
    <groups>
    </groups>
    <test started-at="2026-09-15T14:34:08 IST" name="Default test" finished-at="2026-09-15T14:34:17 IST" duration-ms="9178">
      <class name="seleniumconcepts.dynamictable">
        <test-method signature="dynamictable()[pri:0, instance:seleniumconcepts.dynamictable@7c7a06ec]" started-at="2026-09-15T14:34:08 IST" name="dynamictable" finished-at="2026-09-15T14:34:17 IST" duration-ms="9096" status="PASS">
          <reporter-output>
          </reporter-output>
        </test-method> <!-- dynamictable -->
      </class> <!-- seleniumconcepts.dynamictable -->
    </test> <!-- Default test -->
  </suite> <!-- Default suite -->
</testng-results>
